<?xml version="1.0" encoding="UTF-8"?>
<testng-results ignored="0" total="5" passed="5" failed="0" skipped="0">
  <reporter-output>
  </reporter-output>
  <suite started-at="2022-11-08T23:33:14 IST" name="UCSC Actitime Test Automation suite" finished-at="2022-11-08T23:34:30 IST" duration-ms="75684">
    <groups>
    </groups>
    <test started-at="2022-11-08T23:33:14 IST" name="UCSC Actitime Test Automation Testcases" finished-at="2022-11-08T23:34:30 IST" duration-ms="75684">
      <class name="com.actitime.qa.testcases.HomePageTest">
        <test-method is-config="true" signature="seup()[pri:0, instance:com.actitime.qa.testcases.HomePageTest@17f9344b]" started-at="2022-11-08T23:33:55 IST" name="seup" finished-at="2022-11-08T23:34:06 IST" duration-ms="10996" status="PASS">
          <reporter-output>
          </reporter-output>
        </test-method> <!-- seup -->
        <test-method signature="homePageLogoTest()[pri:1, instance:com.actitime.qa.testcases.HomePageTest@17f9344b]" started-at="2022-11-08T23:34:06 IST" name="homePageLogoTest" finished-at="2022-11-08T23:34:11 IST" duration-ms="4497" status="PASS">
          <reporter-output>
          </reporter-output>
        </test-method> <!-- homePageLogoTest -->
        <test-method is-config="true" signature="tearDown()[pri:0, instance:com.actitime.qa.testcases.HomePageTest@17f9344b]" started-at="2022-11-08T23:34:11 IST" name="tearDown" finished-at="2022-11-08T23:34:11 IST" duration-ms="374" status="PASS">
          <reporter-output>
          </reporter-output>
        </test-method> <!-- tearDown -->
        <test-method is-config="true" signature="seup()[pri:0, instance:com.actitime.qa.testcases.HomePageTest@17f9344b]" started-at="2022-11-08T23:34:11 IST" name="seup" finished-at="2022-11-08T23:34:22 IST" duration-ms="11355" status="PASS">
          <reporter-output>
          </reporter-output>
        </test-method> <!-- seup -->
        <test-method signature="homePageTaskLinkTest()[pri:2, instance:com.actitime.qa.testcases.HomePageTest@17f9344b]" started-at="2022-11-08T23:34:22 IST" name="homePageTaskLinkTest" finished-at="2022-11-08T23:34:30 IST" duration-ms="7172" status="PASS">
          <reporter-output>
          </reporter-output>
        </test-method> <!-- homePageTaskLinkTest -->
        <test-method is-config="true" signature="tearDown()[pri:0, instance:com.actitime.qa.testcases.HomePageTest@17f9344b]" started-at="2022-11-08T23:34:30 IST" name="tearDown" finished-at="2022-11-08T23:34:30 IST" duration-ms="475" status="PASS">
          <reporter-output>
          </reporter-output>
        </test-method> <!-- tearDown -->
      </class> <!-- com.actitime.qa.testcases.HomePageTest -->
      <class name="com.actitime.qa.testcases.LoginPageTest">
        <test-method is-config="true" signature="setup()[pri:0, instance:com.actitime.qa.testcases.LoginPageTest@3d829787]" started-at="2022-11-08T23:33:14 IST" name="setup" finished-at="2022-11-08T23:33:29 IST" duration-ms="14868" status="PASS">
          <reporter-output>
          </reporter-output>
        </test-method> <!-- setup -->
        <test-method signature="loginPageLogoTest()[pri:1, instance:com.actitime.qa.testcases.LoginPageTest@3d829787]" started-at="2022-11-08T23:33:29 IST" name="loginPageLogoTest" finished-at="2022-11-08T23:33:30 IST" duration-ms="226" status="PASS">
          <reporter-output>
          </reporter-output>
        </test-method> <!-- loginPageLogoTest -->
        <test-method is-config="true" signature="tearDown()[pri:0, instance:com.actitime.qa.testcases.LoginPageTest@3d829787]" started-at="2022-11-08T23:33:30 IST" name="tearDown" finished-at="2022-11-08T23:33:30 IST" duration-ms="507" status="PASS">
          <reporter-output>
          </reporter-output>
        </test-method> <!-- tearDown -->
        <test-method is-config="true" signature="setup()[pri:0, instance:com.actitime.qa.testcases.LoginPageTest@3d829787]" started-at="2022-11-08T23:33:32 IST" name="setup" finished-at="2022-11-08T23:33:43 IST" duration-ms="10834" status="PASS">
          <reporter-output>
          </reporter-output>
        </test-method> <!-- setup -->
        <test-method signature="LoginTest(java.lang.String,java.lang.String)[pri:2, instance:com.actitime.qa.testcases.LoginPageTest@3d829787]" started-at="2022-11-08T23:33:43 IST" name="LoginTest" data-provider="getactiTimeTestData" finished-at="2022-11-08T23:33:43 IST" duration-ms="690" status="PASS">
          <params>
            <param index="0">
              <value>
                <![CDATA[admin]]>
              </value>
            </param>
            <param index="1">
              <value>
                <![CDATA[manager]]>
              </value>
            </param>
          </params>
          <reporter-output>
          </reporter-output>
        </test-method> <!-- LoginTest -->
        <test-method is-config="true" signature="tearDown()[pri:0, instance:com.actitime.qa.testcases.LoginPageTest@3d829787]" started-at="2022-11-08T23:33:43 IST" name="tearDown" finished-at="2022-11-08T23:33:44 IST" duration-ms="430" status="PASS">
          <reporter-output>
          </reporter-output>
        </test-method> <!-- tearDown -->
        <test-method is-config="true" signature="setup()[pri:0, instance:com.actitime.qa.testcases.LoginPageTest@3d829787]" started-at="2022-11-08T23:33:44 IST" name="setup" finished-at="2022-11-08T23:33:54 IST" duration-ms="10448" status="PASS">
          <reporter-output>
          </reporter-output>
        </test-method> <!-- setup -->
        <test-method signature="LoginTest(java.lang.String,java.lang.String)[pri:2, instance:com.actitime.qa.testcases.LoginPageTest@3d829787]" started-at="2022-11-08T23:33:54 IST" name="LoginTest" data-provider="getactiTimeTestData" finished-at="2022-11-08T23:33:55 IST" duration-ms="617" status="PASS">
          <params>
            <param index="0">
              <value>
                <![CDATA[trainee]]>
              </value>
            </param>
            <param index="1">
              <value>
                <![CDATA[trainee]]>
              </value>
            </param>
          </params>
          <reporter-output>
          </reporter-output>
        </test-method> <!-- LoginTest -->
        <test-method is-config="true" signature="tearDown()[pri:0, instance:com.actitime.qa.testcases.LoginPageTest@3d829787]" started-at="2022-11-08T23:33:55 IST" name="tearDown" finished-at="2022-11-08T23:33:55 IST" duration-ms="409" status="PASS">
          <reporter-output>
          </reporter-output>
        </test-method> <!-- tearDown -->
      </class> <!-- com.actitime.qa.testcases.LoginPageTest -->
    </test> <!-- UCSC Actitime Test Automation Testcases -->
  </suite> <!-- UCSC Actitime Test Automation suite -->
</testng-results>
