<?xml version="1.0" encoding="UTF-8"?>
<testng-results ignored="0" total="5" passed="5" failed="0" skipped="0">
  <reporter-output>
  </reporter-output>
  <suite started-at="2022-11-08T22:16:27 IST" name="UCSC Actitime Test Automation suite" finished-at="2022-11-08T22:18:31 IST" duration-ms="123424">
    <groups>
    </groups>
    <test started-at="2022-11-08T22:16:27 IST" name="UCSC Actitime Test Automation Testcases" finished-at="2022-11-08T22:18:31 IST" duration-ms="123424">
      <class name="com.actitime.qa.testcases.HomePageTest">
        <test-method is-config="true" signature="seup()[pri:0, instance:com.actitime.qa.testcases.HomePageTest@55634720]" started-at="2022-11-08T22:17:51 IST" name="seup" finished-at="2022-11-08T22:18:02 IST" duration-ms="11325" status="PASS">
          <reporter-output>
          </reporter-output>
        </test-method> <!-- seup -->
        <test-method signature="homePageLogoTest()[pri:1, instance:com.actitime.qa.testcases.HomePageTest@55634720]" started-at="2022-11-08T22:18:02 IST" name="homePageLogoTest" finished-at="2022-11-08T22:18:10 IST" duration-ms="7531" status="PASS">
          <reporter-output>
          </reporter-output>
        </test-method> <!-- homePageLogoTest -->
        <test-method is-config="true" signature="tearDown()[pri:0, instance:com.actitime.qa.testcases.HomePageTest@55634720]" started-at="2022-11-08T22:18:10 IST" name="tearDown" finished-at="2022-11-08T22:18:11 IST" duration-ms="933" status="PASS">
          <reporter-output>
          </reporter-output>
        </test-method> <!-- tearDown -->
        <test-method is-config="true" signature="seup()[pri:0, instance:com.actitime.qa.testcases.HomePageTest@55634720]" started-at="2022-11-08T22:18:11 IST" name="seup" finished-at="2022-11-08T22:18:23 IST" duration-ms="11843" status="PASS">
          <reporter-output>
          </reporter-output>
        </test-method> <!-- seup -->
        <test-method signature="homePageTaskLinkTest()[pri:2, instance:com.actitime.qa.testcases.HomePageTest@55634720]" started-at="2022-11-08T22:18:23 IST" name="homePageTaskLinkTest" finished-at="2022-11-08T22:18:30 IST" duration-ms="7922" status="PASS">
          <reporter-output>
          </reporter-output>
        </test-method> <!-- homePageTaskLinkTest -->
        <test-method is-config="true" signature="tearDown()[pri:0, instance:com.actitime.qa.testcases.HomePageTest@55634720]" started-at="2022-11-08T22:18:30 IST" name="tearDown" finished-at="2022-11-08T22:18:31 IST" duration-ms="444" status="PASS">
          <reporter-output>
          </reporter-output>
        </test-method> <!-- tearDown -->
      </class> <!-- com.actitime.qa.testcases.HomePageTest -->
      <class name="com.actitime.qa.testcases.LoginPageTest">
        <test-method is-config="true" signature="setup()[pri:0, instance:com.actitime.qa.testcases.LoginPageTest@d5b810e]" started-at="2022-11-08T22:16:28 IST" name="setup" finished-at="2022-11-08T22:17:04 IST" duration-ms="36916" status="PASS">
          <reporter-output>
          </reporter-output>
        </test-method> <!-- setup -->
        <test-method signature="loginPageLogoTest()[pri:1, instance:com.actitime.qa.testcases.LoginPageTest@d5b810e]" started-at="2022-11-08T22:17:04 IST" name="loginPageLogoTest" finished-at="2022-11-08T22:17:06 IST" duration-ms="1319" status="PASS">
          <reporter-output>
          </reporter-output>
        </test-method> <!-- loginPageLogoTest -->
        <test-method is-config="true" signature="tearDown()[pri:0, instance:com.actitime.qa.testcases.LoginPageTest@d5b810e]" started-at="2022-11-08T22:17:06 IST" name="tearDown" finished-at="2022-11-08T22:17:07 IST" duration-ms="1118" status="PASS">
          <reporter-output>
          </reporter-output>
        </test-method> <!-- tearDown -->
        <test-method is-config="true" signature="setup()[pri:0, instance:com.actitime.qa.testcases.LoginPageTest@d5b810e]" started-at="2022-11-08T22:17:19 IST" name="setup" finished-at="2022-11-08T22:17:33 IST" duration-ms="13999" status="PASS">
          <reporter-output>
          </reporter-output>
        </test-method> <!-- setup -->
        <test-method signature="LoginTest(java.lang.String,java.lang.String)[pri:2, instance:com.actitime.qa.testcases.LoginPageTest@d5b810e]" started-at="2022-11-08T22:17:33 IST" name="LoginTest" data-provider="getactiTimeTestData" finished-at="2022-11-08T22:17:36 IST" duration-ms="2947" status="PASS">
          <params>
            <param index="0">
              <value>
                <![CDATA[admin]]>
              </value>
            </param>
            <param index="1">
              <value>
                <![CDATA[manager]]>
              </value>
            </param>
          </params>
          <reporter-output>
          </reporter-output>
        </test-method> <!-- LoginTest -->
        <test-method is-config="true" signature="tearDown()[pri:0, instance:com.actitime.qa.testcases.LoginPageTest@d5b810e]" started-at="2022-11-08T22:17:36 IST" name="tearDown" finished-at="2022-11-08T22:17:37 IST" duration-ms="605" status="PASS">
          <reporter-output>
          </reporter-output>
        </test-method> <!-- tearDown -->
        <test-method is-config="true" signature="setup()[pri:0, instance:com.actitime.qa.testcases.LoginPageTest@d5b810e]" started-at="2022-11-08T22:17:37 IST" name="setup" finished-at="2022-11-08T22:17:50 IST" duration-ms="13242" status="PASS">
          <reporter-output>
          </reporter-output>
        </test-method> <!-- setup -->
        <test-method signature="LoginTest(java.lang.String,java.lang.String)[pri:2, instance:com.actitime.qa.testcases.LoginPageTest@d5b810e]" started-at="2022-11-08T22:17:50 IST" name="LoginTest" data-provider="getactiTimeTestData" finished-at="2022-11-08T22:17:51 IST" duration-ms="561" status="PASS">
          <params>
            <param index="0">
              <value>
                <![CDATA[trainee]]>
              </value>
            </param>
            <param index="1">
              <value>
                <![CDATA[trainee]]>
              </value>
            </param>
          </params>
          <reporter-output>
          </reporter-output>
        </test-method> <!-- LoginTest -->
        <test-method is-config="true" signature="tearDown()[pri:0, instance:com.actitime.qa.testcases.LoginPageTest@d5b810e]" started-at="2022-11-08T22:17:51 IST" name="tearDown" finished-at="2022-11-08T22:17:51 IST" duration-ms="405" status="PASS">
          <reporter-output>
          </reporter-output>
        </test-method> <!-- tearDown -->
      </class> <!-- com.actitime.qa.testcases.LoginPageTest -->
    </test> <!-- UCSC Actitime Test Automation Testcases -->
  </suite> <!-- UCSC Actitime Test Automation suite -->
</testng-results>
