<?xml version="1.0" encoding="UTF-8"?>
<!-- Generated by org.testng.reporters.JUnitXMLReporter -->
<testsuite ignored="0" hostname="DESKTOP-7G2NHNI" failures="0" tests="5" name="UCSC Actitime Test Automation Testcases" time="123.424" errors="0" timestamp="2022-11-08T22:18:31 IST">
  <testcase classname="com.actitime.qa.testcases.LoginPageTest" name="loginPageLogoTest" time="1.319"/>
  <testcase classname="com.actitime.qa.testcases.LoginPageTest" name="LoginTest" time="2.947"/>
  <testcase classname="com.actitime.qa.testcases.LoginPageTest" name="LoginTest" time="0.561"/>
  <testcase classname="com.actitime.qa.testcases.HomePageTest" name="homePageLogoTest" time="7.531"/>
  <testcase classname="com.actitime.qa.testcases.HomePageTest" name="homePageTaskLinkTest" time="7.922"/>
</testsuite> <!-- UCSC Actitime Test Automation Testcases -->
