<?xml version="1.0" encoding="UTF-8"?>
<!-- Generated by org.testng.reporters.JUnitXMLReporter -->
<testsuite ignored="0" hostname="DESKTOP-7G2NHNI" failures="0" tests="5" name="UCSC Actitime Test Automation Testcases" time="75.684" errors="0" timestamp="2022-11-08T23:34:30 IST">
  <testcase classname="com.actitime.qa.testcases.LoginPageTest" name="loginPageLogoTest" time="0.226"/>
  <testcase classname="com.actitime.qa.testcases.LoginPageTest" name="LoginTest" time="0.69"/>
  <testcase classname="com.actitime.qa.testcases.LoginPageTest" name="LoginTest" time="0.617"/>
  <testcase classname="com.actitime.qa.testcases.HomePageTest" name="homePageLogoTest" time="4.497"/>
  <testcase classname="com.actitime.qa.testcases.HomePageTest" name="homePageTaskLinkTest" time="7.172"/>
</testsuite> <!-- UCSC Actitime Test Automation Testcases -->
